2025-10-14 08:46:38,605 - INFO - 로깅을 시작합니다.
2025-10-14 08:46:38,605 - INFO - ===== 실행 인자 =====
2025-10-14 08:46:38,605 - INFO - mode: inference
2025-10-14 08:46:38,605 - INFO - data_dir: ./tap_new
2025-10-14 08:46:38,605 - INFO - batch_size: 8
2025-10-14 08:46:38,605 - INFO - epochs: 100
2025-10-14 08:46:38,605 - INFO - lr: 0.001
2025-10-14 08:46:38,605 - INFO - model_path: best_model.pth
2025-10-14 08:46:38,605 - INFO - in_channels: 3
2025-10-14 08:46:38,605 - INFO - img_size: 480
2025-10-14 08:46:38,605 - INFO - patch_len: 32
2025-10-14 08:46:38,605 - INFO - emb_dim: 24
2025-10-14 08:46:38,605 - INFO - n_heads: 4
2025-10-14 08:46:38,605 - INFO - d_layers: 2
2025-10-14 08:46:38,605 - INFO - patch_size: 120
2025-10-14 08:46:38,605 - INFO - save_attention_maps: False
2025-10-14 08:46:38,605 - INFO - =====================
2025-10-14 08:46:38,714 - INFO - 데이터 로딩 완료. 훈련 데이터: 1353개, 테스트 데이터: 339개
2025-10-14 08:46:39,004 - INFO - 추론 모드를 시작합니다.
2025-10-14 08:46:39,014 - INFO - 'checkpoints/tap_new/best_model.pth'에서 모델 가중치를 성공적으로 불러왔습니다.
2025-10-14 08:46:39,014 - INFO - 총 학습 가능한 파라미터 수: 238,688
2025-10-14 08:46:43,124 - INFO - 테스트셋에 대한 성능 평가를 시작합니다.
2025-10-14 08:46:47,521 - INFO - Test Accuracy: 84.66% | Precision: 0.8502 | Recall: 0.8446 | F1 Score: 0.8455
