2025-10-14 03:01:36,631 - INFO - 로깅을 시작합니다.
2025-10-14 03:01:36,631 - INFO - ===== 실행 인자 =====
2025-10-14 03:01:36,632 - INFO - mode: train
2025-10-14 03:01:36,632 - INFO - data_dir: ./Refined_mix
2025-10-14 03:01:36,632 - INFO - batch_size: 8
2025-10-14 03:01:36,632 - INFO - epochs: 100
2025-10-14 03:01:36,632 - INFO - lr: 0.001
2025-10-14 03:01:36,632 - INFO - model_path: best_model.pth
2025-10-14 03:01:36,632 - INFO - in_channels: 3
2025-10-14 03:01:36,632 - INFO - img_size: 480
2025-10-14 03:01:36,632 - INFO - patch_len: 32
2025-10-14 03:01:36,632 - INFO - emb_dim: 24
2025-10-14 03:01:36,632 - INFO - n_heads: 4
2025-10-14 03:01:36,632 - INFO - d_layers: 2
2025-10-14 03:01:36,632 - INFO - patch_size: 120
2025-10-14 03:01:36,632 - INFO - save_attention_maps: False
2025-10-14 03:01:36,632 - INFO - =====================
2025-10-14 03:01:36,743 - INFO - 데이터 로딩 완료. 훈련 데이터: 365개, 테스트 데이터: 92개
2025-10-14 03:01:37,040 - INFO - 훈련 모드를 시작합니다.
2025-10-14 03:01:49,611 - INFO - Epoch [1/100], Loss: 0.6541, Train Accuracy: 61.37%
2025-10-14 03:01:50,782 - INFO - Test Accuracy: 41.30% | Precision: 0.7033 | Recall: 0.5091 | F1 Score: 0.3069
2025-10-14 03:01:50,787 - INFO - 최고 성능 모델 저장 완료 (F1 Score: 0.3069) -> 'checkpoints/Refined_mix/best_model.pth'
2025-10-14 03:02:03,440 - INFO - Epoch [2/100], Loss: 0.4308, Train Accuracy: 80.82%
2025-10-14 03:02:04,616 - INFO - Test Accuracy: 58.70% | Precision: 0.6989 | Recall: 0.6457 | F1 Score: 0.5741
2025-10-14 03:02:04,620 - INFO - 최고 성능 모델 저장 완료 (F1 Score: 0.5741) -> 'checkpoints/Refined_mix/best_model.pth'
2025-10-14 03:02:16,680 - INFO - Epoch [3/100], Loss: 0.4557, Train Accuracy: 79.18%
2025-10-14 03:02:17,868 - INFO - Test Accuracy: 73.91% | Precision: 0.7899 | Recall: 0.7774 | F1 Score: 0.7386
2025-10-14 03:02:17,873 - INFO - 최고 성능 모델 저장 완료 (F1 Score: 0.7386) -> 'checkpoints/Refined_mix/best_model.pth'
2025-10-14 03:02:30,002 - INFO - Epoch [4/100], Loss: 0.4000, Train Accuracy: 83.56%
2025-10-14 03:02:31,123 - INFO - Test Accuracy: 76.09% | Precision: 0.8571 | Recall: 0.7027 | F1 Score: 0.7051
2025-10-14 03:02:42,863 - INFO - Epoch [5/100], Loss: 0.4229, Train Accuracy: 80.00%
2025-10-14 03:02:43,979 - INFO - Test Accuracy: 66.30% | Precision: 0.7125 | Recall: 0.7005 | F1 Score: 0.6620
2025-10-14 03:02:55,800 - INFO - Epoch [6/100], Loss: 0.3665, Train Accuracy: 81.92%
2025-10-14 03:02:57,005 - INFO - Test Accuracy: 43.48% | Precision: 0.7079 | Recall: 0.5273 | F1 Score: 0.3454
2025-10-14 03:03:08,931 - INFO - Epoch [7/100], Loss: 0.3765, Train Accuracy: 80.82%
2025-10-14 03:03:10,239 - INFO - Test Accuracy: 57.61% | Precision: 0.7155 | Recall: 0.6410 | F1 Score: 0.5572
2025-10-14 03:03:22,297 - INFO - Epoch [8/100], Loss: 0.3208, Train Accuracy: 86.85%
2025-10-14 03:03:23,619 - INFO - Test Accuracy: 75.00% | Precision: 0.8526 | Recall: 0.6892 | F1 Score: 0.6880
2025-10-14 03:03:35,663 - INFO - Epoch [9/100], Loss: 0.3468, Train Accuracy: 85.75%
2025-10-14 03:03:36,969 - INFO - Test Accuracy: 60.87% | Precision: 0.8022 | Recall: 0.5135 | F1 Score: 0.4030
2025-10-14 03:03:49,026 - INFO - Epoch [10/100], Loss: 0.3670, Train Accuracy: 83.84%
2025-10-14 03:03:50,337 - INFO - Test Accuracy: 79.35% | Precision: 0.7983 | Recall: 0.8096 | F1 Score: 0.7923
2025-10-14 03:03:50,346 - INFO - 최고 성능 모델 저장 완료 (F1 Score: 0.7923) -> 'checkpoints/Refined_mix/best_model.pth'
2025-10-14 03:04:02,387 - INFO - Epoch [11/100], Loss: 0.2851, Train Accuracy: 87.95%
2025-10-14 03:04:03,683 - INFO - Test Accuracy: 70.65% | Precision: 0.7958 | Recall: 0.6396 | F1 Score: 0.6245
2025-10-14 03:04:15,729 - INFO - Epoch [12/100], Loss: 0.3384, Train Accuracy: 83.84%
2025-10-14 03:04:17,030 - INFO - Test Accuracy: 67.39% | Precision: 0.7584 | Recall: 0.7229 | F1 Score: 0.6700
2025-10-14 03:04:29,080 - INFO - Epoch [13/100], Loss: 0.3003, Train Accuracy: 87.40%
2025-10-14 03:04:30,388 - INFO - Test Accuracy: 45.65% | Precision: 0.7126 | Recall: 0.5455 | F1 Score: 0.3817
2025-10-14 03:04:42,445 - INFO - Epoch [14/100], Loss: 0.2787, Train Accuracy: 87.95%
2025-10-14 03:04:43,748 - INFO - Test Accuracy: 75.00% | Precision: 0.7956 | Recall: 0.7865 | F1 Score: 0.7497
2025-10-14 03:04:55,771 - INFO - Epoch [15/100], Loss: 0.2888, Train Accuracy: 85.21%
2025-10-14 03:04:57,070 - INFO - Test Accuracy: 80.43% | Precision: 0.8406 | Recall: 0.7656 | F1 Score: 0.7774
2025-10-14 03:05:09,150 - INFO - Epoch [16/100], Loss: 0.2192, Train Accuracy: 90.41%
2025-10-14 03:05:10,487 - INFO - Test Accuracy: 52.17% | Precision: 0.7284 | Recall: 0.6000 | F1 Score: 0.4802
2025-10-14 03:05:23,251 - INFO - Epoch [17/100], Loss: 0.3493, Train Accuracy: 84.38%
2025-10-14 03:05:24,548 - INFO - Test Accuracy: 75.00% | Precision: 0.7956 | Recall: 0.7865 | F1 Score: 0.7497
2025-10-14 03:05:36,620 - INFO - Epoch [18/100], Loss: 0.2495, Train Accuracy: 91.23%
2025-10-14 03:05:37,928 - INFO - Test Accuracy: 83.70% | Precision: 0.8631 | Recall: 0.8061 | F1 Score: 0.8190
2025-10-14 03:05:37,937 - INFO - 최고 성능 모델 저장 완료 (F1 Score: 0.8190) -> 'checkpoints/Refined_mix/best_model.pth'
2025-10-14 03:05:50,009 - INFO - Epoch [19/100], Loss: 0.2997, Train Accuracy: 87.12%
2025-10-14 03:05:51,317 - INFO - Test Accuracy: 41.30% | Precision: 0.7033 | Recall: 0.5091 | F1 Score: 0.3069
2025-10-14 03:06:03,361 - INFO - Epoch [20/100], Loss: 0.2777, Train Accuracy: 87.67%
2025-10-14 03:06:04,669 - INFO - Test Accuracy: 75.00% | Precision: 0.8026 | Recall: 0.6980 | F1 Score: 0.7018
2025-10-14 03:06:16,711 - INFO - Epoch [21/100], Loss: 0.2596, Train Accuracy: 88.22%
2025-10-14 03:06:18,017 - INFO - Test Accuracy: 79.35% | Precision: 0.8202 | Recall: 0.8229 | F1 Score: 0.7935
2025-10-14 03:06:30,058 - INFO - Epoch [22/100], Loss: 0.3187, Train Accuracy: 85.75%
2025-10-14 03:06:31,372 - INFO - Test Accuracy: 81.52% | Precision: 0.8116 | Recall: 0.8233 | F1 Score: 0.8125
2025-10-14 03:06:43,436 - INFO - Epoch [23/100], Loss: 0.2241, Train Accuracy: 90.96%
2025-10-14 03:06:44,737 - INFO - Test Accuracy: 90.22% | Precision: 0.9104 | Recall: 0.8872 | F1 Score: 0.8957
2025-10-14 03:06:44,747 - INFO - 최고 성능 모델 저장 완료 (F1 Score: 0.8957) -> 'checkpoints/Refined_mix/best_model.pth'
2025-10-14 03:06:56,798 - INFO - Epoch [24/100], Loss: 0.2950, Train Accuracy: 87.12%
2025-10-14 03:06:58,101 - INFO - Test Accuracy: 86.96% | Precision: 0.8672 | Recall: 0.8600 | F1 Score: 0.8631
2025-10-14 03:07:10,168 - INFO - Epoch [25/100], Loss: 0.2363, Train Accuracy: 90.41%
2025-10-14 03:07:11,483 - INFO - Test Accuracy: 83.70% | Precision: 0.8333 | Recall: 0.8459 | F1 Score: 0.8346
2025-10-14 03:07:23,527 - INFO - Epoch [26/100], Loss: 0.3319, Train Accuracy: 86.58%
2025-10-14 03:07:24,832 - INFO - Test Accuracy: 44.57% | Precision: 0.7102 | Recall: 0.5364 | F1 Score: 0.3638
2025-10-14 03:07:36,868 - INFO - Epoch [27/100], Loss: 0.2705, Train Accuracy: 89.86%
2025-10-14 03:07:38,172 - INFO - Test Accuracy: 80.43% | Precision: 0.8406 | Recall: 0.7656 | F1 Score: 0.7774
2025-10-14 03:07:50,212 - INFO - Epoch [28/100], Loss: 0.2280, Train Accuracy: 90.41%
2025-10-14 03:07:51,520 - INFO - Test Accuracy: 75.00% | Precision: 0.8240 | Recall: 0.6936 | F1 Score: 0.6952
2025-10-14 03:08:03,576 - INFO - Epoch [29/100], Loss: 0.1841, Train Accuracy: 92.60%
2025-10-14 03:08:04,885 - INFO - Test Accuracy: 89.13% | Precision: 0.9022 | Recall: 0.8737 | F1 Score: 0.8834
2025-10-14 03:08:16,970 - INFO - Epoch [30/100], Loss: 0.1752, Train Accuracy: 93.42%
2025-10-14 03:08:18,291 - INFO - Test Accuracy: 91.30% | Precision: 0.9072 | Recall: 0.9184 | F1 Score: 0.9110
2025-10-14 03:08:18,300 - INFO - 최고 성능 모델 저장 완료 (F1 Score: 0.9110) -> 'checkpoints/Refined_mix/best_model.pth'
2025-10-14 03:08:30,366 - INFO - Epoch [31/100], Loss: 0.2201, Train Accuracy: 91.78%
2025-10-14 03:08:31,680 - INFO - Test Accuracy: 82.61% | Precision: 0.8407 | Recall: 0.8501 | F1 Score: 0.8258
2025-10-14 03:08:43,737 - INFO - Epoch [32/100], Loss: 0.2201, Train Accuracy: 90.96%
2025-10-14 03:08:45,054 - INFO - Test Accuracy: 89.13% | Precision: 0.8870 | Recall: 0.8870 | F1 Score: 0.8870
2025-10-14 03:08:57,108 - INFO - Epoch [33/100], Loss: 0.2558, Train Accuracy: 91.78%
2025-10-14 03:08:58,417 - INFO - Test Accuracy: 81.52% | Precision: 0.8090 | Recall: 0.8189 | F1 Score: 0.8115
2025-10-14 03:09:10,510 - INFO - Epoch [34/100], Loss: 0.2399, Train Accuracy: 87.67%
2025-10-14 03:09:11,820 - INFO - Test Accuracy: 89.13% | Precision: 0.8952 | Recall: 0.8781 | F1 Score: 0.8847
2025-10-14 03:09:23,874 - INFO - Epoch [35/100], Loss: 0.2568, Train Accuracy: 88.77%
2025-10-14 03:09:25,184 - INFO - Test Accuracy: 86.96% | Precision: 0.8647 | Recall: 0.8776 | F1 Score: 0.8673
2025-10-14 03:09:37,241 - INFO - Epoch [36/100], Loss: 0.2438, Train Accuracy: 90.41%
2025-10-14 03:09:38,545 - INFO - Test Accuracy: 90.22% | Precision: 0.8972 | Recall: 0.9005 | F1 Score: 0.8987
2025-10-14 03:09:50,593 - INFO - Epoch [37/100], Loss: 0.2109, Train Accuracy: 91.23%
2025-10-14 03:09:51,895 - INFO - Test Accuracy: 86.96% | Precision: 0.8644 | Recall: 0.8644 | F1 Score: 0.8644
2025-10-14 03:10:03,973 - INFO - Epoch [38/100], Loss: 0.2008, Train Accuracy: 92.05%
2025-10-14 03:10:05,289 - INFO - Test Accuracy: 75.00% | Precision: 0.8526 | Recall: 0.6892 | F1 Score: 0.6880
2025-10-14 03:10:17,341 - INFO - Epoch [39/100], Loss: 0.2151, Train Accuracy: 90.41%
2025-10-14 03:10:18,668 - INFO - Test Accuracy: 88.04% | Precision: 0.8865 | Recall: 0.8646 | F1 Score: 0.8725
2025-10-14 03:10:30,720 - INFO - Epoch [40/100], Loss: 0.2200, Train Accuracy: 90.68%
2025-10-14 03:10:32,054 - INFO - Test Accuracy: 90.22% | Precision: 0.8998 | Recall: 0.8961 | F1 Score: 0.8978
2025-10-14 03:10:44,116 - INFO - Epoch [41/100], Loss: 0.2843, Train Accuracy: 87.40%
2025-10-14 03:10:45,427 - INFO - Test Accuracy: 90.22% | Precision: 0.8998 | Recall: 0.8961 | F1 Score: 0.8978
2025-10-14 03:10:57,484 - INFO - Epoch [42/100], Loss: 0.2238, Train Accuracy: 90.41%
2025-10-14 03:10:58,782 - INFO - Test Accuracy: 90.22% | Precision: 0.9042 | Recall: 0.8916 | F1 Score: 0.8968
2025-10-14 03:11:10,837 - INFO - Epoch [43/100], Loss: 0.2373, Train Accuracy: 92.05%
2025-10-14 03:11:12,145 - INFO - Test Accuracy: 65.22% | Precision: 0.7681 | Recall: 0.7091 | F1 Score: 0.6439
2025-10-14 03:11:24,196 - INFO - Epoch [44/100], Loss: 0.1943, Train Accuracy: 92.88%
2025-10-14 03:11:25,505 - INFO - Test Accuracy: 86.96% | Precision: 0.8631 | Recall: 0.8688 | F1 Score: 0.8655
2025-10-14 03:11:37,582 - INFO - Epoch [45/100], Loss: 0.1809, Train Accuracy: 92.33%
2025-10-14 03:11:38,908 - INFO - Test Accuracy: 90.22% | Precision: 0.8998 | Recall: 0.8961 | F1 Score: 0.8978
2025-10-14 03:11:50,973 - INFO - Epoch [46/100], Loss: 0.2284, Train Accuracy: 90.14%
2025-10-14 03:11:52,293 - INFO - Test Accuracy: 80.43% | Precision: 0.8281 | Recall: 0.7700 | F1 Score: 0.7811
2025-10-14 03:12:04,376 - INFO - Epoch [47/100], Loss: 0.1918, Train Accuracy: 91.78%
2025-10-14 03:12:05,678 - INFO - Test Accuracy: 84.78% | Precision: 0.8459 | Recall: 0.8595 | F1 Score: 0.8460
2025-10-14 03:12:17,721 - INFO - Epoch [48/100], Loss: 0.2064, Train Accuracy: 91.51%
2025-10-14 03:12:19,041 - INFO - Test Accuracy: 75.00% | Precision: 0.8526 | Recall: 0.6892 | F1 Score: 0.6880
2025-10-14 03:12:31,101 - INFO - Epoch [49/100], Loss: 0.1545, Train Accuracy: 94.25%
2025-10-14 03:12:32,410 - INFO - Test Accuracy: 90.22% | Precision: 0.9188 | Recall: 0.8828 | F1 Score: 0.8944
2025-10-14 03:12:44,453 - INFO - Epoch [50/100], Loss: 0.2383, Train Accuracy: 89.04%
2025-10-14 03:12:45,758 - INFO - Test Accuracy: 83.70% | Precision: 0.8333 | Recall: 0.8459 | F1 Score: 0.8346
2025-10-14 03:12:57,816 - INFO - Epoch [51/100], Loss: 0.1768, Train Accuracy: 93.70%
2025-10-14 03:12:59,126 - INFO - Test Accuracy: 86.96% | Precision: 0.8719 | Recall: 0.8865 | F1 Score: 0.8686
2025-10-14 03:13:11,191 - INFO - Epoch [52/100], Loss: 0.1770, Train Accuracy: 92.88%
2025-10-14 03:13:12,501 - INFO - Test Accuracy: 92.39% | Precision: 0.9275 | Recall: 0.9143 | F1 Score: 0.9197
2025-10-14 03:13:12,510 - INFO - 최고 성능 모델 저장 완료 (F1 Score: 0.9197) -> 'checkpoints/Refined_mix/best_model.pth'
2025-10-14 03:13:24,572 - INFO - Epoch [53/100], Loss: 0.1621, Train Accuracy: 94.25%
2025-10-14 03:13:25,892 - INFO - Test Accuracy: 89.13% | Precision: 0.8870 | Recall: 0.8870 | F1 Score: 0.8870
2025-10-14 03:13:37,946 - INFO - Epoch [54/100], Loss: 0.1654, Train Accuracy: 93.70%
2025-10-14 03:13:39,280 - INFO - Test Accuracy: 76.09% | Precision: 0.7731 | Recall: 0.7248 | F1 Score: 0.7324
2025-10-14 03:13:51,351 - INFO - Epoch [55/100], Loss: 0.1680, Train Accuracy: 92.60%
2025-10-14 03:13:52,671 - INFO - Test Accuracy: 92.39% | Precision: 0.9183 | Recall: 0.9275 | F1 Score: 0.9218
2025-10-14 03:13:52,680 - INFO - 최고 성능 모델 저장 완료 (F1 Score: 0.9218) -> 'checkpoints/Refined_mix/best_model.pth'
2025-10-14 03:14:04,750 - INFO - Epoch [56/100], Loss: 0.2310, Train Accuracy: 89.59%
2025-10-14 03:14:06,067 - INFO - Test Accuracy: 93.48% | Precision: 0.9425 | Recall: 0.9233 | F1 Score: 0.9308
2025-10-14 03:14:06,077 - INFO - 최고 성능 모델 저장 완료 (F1 Score: 0.9308) -> 'checkpoints/Refined_mix/best_model.pth'
2025-10-14 03:14:18,141 - INFO - Epoch [57/100], Loss: 0.1740, Train Accuracy: 92.60%
2025-10-14 03:14:19,462 - INFO - Test Accuracy: 85.87% | Precision: 0.8551 | Recall: 0.8686 | F1 Score: 0.8566
2025-10-14 03:14:31,616 - INFO - Epoch [58/100], Loss: 0.1917, Train Accuracy: 91.78%
2025-10-14 03:14:32,918 - INFO - Test Accuracy: 93.48% | Precision: 0.9425 | Recall: 0.9233 | F1 Score: 0.9308
2025-10-14 03:14:44,981 - INFO - Epoch [59/100], Loss: 0.1809, Train Accuracy: 93.15%
2025-10-14 03:14:46,304 - INFO - Test Accuracy: 90.22% | Precision: 0.8962 | Recall: 0.9049 | F1 Score: 0.8995
2025-10-14 03:14:58,382 - INFO - Epoch [60/100], Loss: 0.2460, Train Accuracy: 89.86%
2025-10-14 03:14:59,691 - INFO - Test Accuracy: 92.39% | Precision: 0.9226 | Recall: 0.9187 | F1 Score: 0.9205
2025-10-14 03:15:11,764 - INFO - Epoch [61/100], Loss: 0.1827, Train Accuracy: 92.33%
2025-10-14 03:15:13,087 - INFO - Test Accuracy: 89.13% | Precision: 0.8866 | Recall: 0.9002 | F1 Score: 0.8894
2025-10-14 03:15:25,135 - INFO - Epoch [62/100], Loss: 0.1908, Train Accuracy: 93.70%
2025-10-14 03:15:26,443 - INFO - Test Accuracy: 90.22% | Precision: 0.8987 | Recall: 0.9138 | F1 Score: 0.9008
2025-10-14 03:15:38,510 - INFO - Epoch [63/100], Loss: 0.1597, Train Accuracy: 92.88%
2025-10-14 03:15:39,813 - INFO - Test Accuracy: 88.04% | Precision: 0.8804 | Recall: 0.8956 | F1 Score: 0.8793
2025-10-14 03:15:51,861 - INFO - Epoch [64/100], Loss: 0.1380, Train Accuracy: 94.79%
2025-10-14 03:15:53,162 - INFO - Test Accuracy: 94.57% | Precision: 0.9404 | Recall: 0.9501 | F1 Score: 0.9442
2025-10-14 03:15:53,171 - INFO - 최고 성능 모델 저장 완료 (F1 Score: 0.9442) -> 'checkpoints/Refined_mix/best_model.pth'
2025-10-14 03:16:05,226 - INFO - Epoch [65/100], Loss: 0.1890, Train Accuracy: 92.33%
2025-10-14 03:16:06,547 - INFO - Test Accuracy: 86.96% | Precision: 0.8969 | Recall: 0.8423 | F1 Score: 0.8562
2025-10-14 03:16:18,600 - INFO - Epoch [66/100], Loss: 0.1950, Train Accuracy: 92.33%
2025-10-14 03:16:19,895 - INFO - Test Accuracy: 52.17% | Precision: 0.6894 | Recall: 0.5956 | F1 Score: 0.4868
2025-10-14 03:16:31,963 - INFO - Epoch [67/100], Loss: 0.2068, Train Accuracy: 90.68%
2025-10-14 03:16:33,270 - INFO - Test Accuracy: 91.30% | Precision: 0.9265 | Recall: 0.8963 | F1 Score: 0.9067
2025-10-14 03:16:45,325 - INFO - Epoch [68/100], Loss: 0.1781, Train Accuracy: 92.88%
2025-10-14 03:16:46,639 - INFO - Test Accuracy: 90.22% | Precision: 0.8962 | Recall: 0.9049 | F1 Score: 0.8995
2025-10-14 03:16:58,694 - INFO - Epoch [69/100], Loss: 0.1532, Train Accuracy: 93.70%
2025-10-14 03:17:00,009 - INFO - Test Accuracy: 81.52% | Precision: 0.8077 | Recall: 0.8145 | F1 Score: 0.8102
2025-10-14 03:17:12,073 - INFO - Epoch [70/100], Loss: 0.1525, Train Accuracy: 94.79%
2025-10-14 03:17:13,379 - INFO - Test Accuracy: 81.52% | Precision: 0.8337 | Recall: 0.8410 | F1 Score: 0.8150
2025-10-14 03:17:25,443 - INFO - Epoch [71/100], Loss: 0.1255, Train Accuracy: 95.07%
2025-10-14 03:17:26,743 - INFO - Test Accuracy: 90.22% | Precision: 0.9042 | Recall: 0.8916 | F1 Score: 0.8968
2025-10-14 03:17:38,809 - INFO - Epoch [72/100], Loss: 0.1636, Train Accuracy: 93.70%
2025-10-14 03:17:40,132 - INFO - Test Accuracy: 86.96% | Precision: 0.8631 | Recall: 0.8688 | F1 Score: 0.8655
2025-10-14 03:17:52,195 - INFO - Epoch [73/100], Loss: 0.1187, Train Accuracy: 95.07%
2025-10-14 03:17:53,504 - INFO - Test Accuracy: 89.13% | Precision: 0.9113 | Recall: 0.8693 | F1 Score: 0.8819
2025-10-14 03:18:05,551 - INFO - Epoch [74/100], Loss: 0.1035, Train Accuracy: 96.16%
2025-10-14 03:18:06,863 - INFO - Test Accuracy: 81.52% | Precision: 0.8480 | Recall: 0.7791 | F1 Score: 0.7916
2025-10-14 03:18:18,919 - INFO - Epoch [75/100], Loss: 0.1392, Train Accuracy: 95.07%
2025-10-14 03:18:20,224 - INFO - Test Accuracy: 88.04% | Precision: 0.8769 | Recall: 0.8912 | F1 Score: 0.8787
2025-10-14 03:18:32,277 - INFO - Epoch [76/100], Loss: 0.1783, Train Accuracy: 93.42%
2025-10-14 03:18:33,590 - INFO - Test Accuracy: 82.61% | Precision: 0.8284 | Recall: 0.8413 | F1 Score: 0.8248
2025-10-14 03:18:45,665 - INFO - Epoch [77/100], Loss: 0.1642, Train Accuracy: 92.88%
2025-10-14 03:18:46,965 - INFO - Test Accuracy: 81.52% | Precision: 0.8630 | Recall: 0.7747 | F1 Score: 0.7879
2025-10-14 03:18:59,028 - INFO - Epoch [78/100], Loss: 0.1261, Train Accuracy: 95.34%
2025-10-14 03:19:00,335 - INFO - Test Accuracy: 44.57% | Precision: 0.7102 | Recall: 0.5364 | F1 Score: 0.3638
2025-10-14 03:19:12,393 - INFO - Epoch [79/100], Loss: 0.1695, Train Accuracy: 94.52%
2025-10-14 03:19:13,704 - INFO - Test Accuracy: 77.17% | Precision: 0.8371 | Recall: 0.7206 | F1 Score: 0.7277
2025-10-14 03:19:25,751 - INFO - Epoch [80/100], Loss: 0.2545, Train Accuracy: 90.14%
2025-10-14 03:19:27,070 - INFO - Test Accuracy: 92.39% | Precision: 0.9196 | Recall: 0.9231 | F1 Score: 0.9212
2025-10-14 03:19:39,122 - INFO - Epoch [81/100], Loss: 0.1396, Train Accuracy: 96.16%
2025-10-14 03:19:40,448 - INFO - Test Accuracy: 91.30% | Precision: 0.9265 | Recall: 0.8963 | F1 Score: 0.9067
2025-10-14 03:19:52,499 - INFO - Epoch [82/100], Loss: 0.1701, Train Accuracy: 93.15%
2025-10-14 03:19:53,795 - INFO - Test Accuracy: 65.22% | Precision: 0.7681 | Recall: 0.7091 | F1 Score: 0.6439
2025-10-14 03:20:05,843 - INFO - Epoch [83/100], Loss: 0.1588, Train Accuracy: 93.70%
2025-10-14 03:20:07,159 - INFO - Test Accuracy: 91.30% | Precision: 0.9188 | Recall: 0.9007 | F1 Score: 0.9078
2025-10-14 03:20:19,205 - INFO - Epoch [84/100], Loss: 0.1236, Train Accuracy: 95.07%
2025-10-14 03:20:20,512 - INFO - Test Accuracy: 77.17% | Precision: 0.8075 | Recall: 0.8047 | F1 Score: 0.7717
2025-10-14 03:20:32,575 - INFO - Epoch [85/100], Loss: 0.1988, Train Accuracy: 92.60%
2025-10-14 03:20:33,888 - INFO - Test Accuracy: 89.13% | Precision: 0.8866 | Recall: 0.9002 | F1 Score: 0.8894
2025-10-14 03:20:45,946 - INFO - Epoch [86/100], Loss: 0.1226, Train Accuracy: 94.52%
2025-10-14 03:20:47,265 - INFO - Test Accuracy: 94.57% | Precision: 0.9454 | Recall: 0.9413 | F1 Score: 0.9432
2025-10-14 03:20:59,305 - INFO - Epoch [87/100], Loss: 0.1201, Train Accuracy: 95.89%
2025-10-14 03:21:00,607 - INFO - Test Accuracy: 89.13% | Precision: 0.8852 | Recall: 0.8958 | F1 Score: 0.8887
2025-10-14 03:21:12,659 - INFO - Epoch [88/100], Loss: 0.1489, Train Accuracy: 93.15%
2025-10-14 03:21:13,971 - INFO - Test Accuracy: 78.26% | Precision: 0.8045 | Recall: 0.8093 | F1 Score: 0.7825
2025-10-14 03:21:26,026 - INFO - Epoch [89/100], Loss: 0.1478, Train Accuracy: 94.52%
2025-10-14 03:21:27,332 - INFO - Test Accuracy: 79.35% | Precision: 0.8716 | Recall: 0.7432 | F1 Score: 0.7536
2025-10-14 03:21:39,386 - INFO - Epoch [90/100], Loss: 0.1192, Train Accuracy: 95.34%
2025-10-14 03:21:40,685 - INFO - Test Accuracy: 93.48% | Precision: 0.9425 | Recall: 0.9233 | F1 Score: 0.9308
2025-10-14 03:21:52,743 - INFO - Epoch [91/100], Loss: 0.1486, Train Accuracy: 95.34%
2025-10-14 03:21:54,049 - INFO - Test Accuracy: 93.48% | Precision: 0.9302 | Recall: 0.9455 | F1 Score: 0.9337
2025-10-14 03:22:06,105 - INFO - Epoch [92/100], Loss: 0.1312, Train Accuracy: 94.52%
2025-10-14 03:22:07,413 - INFO - Test Accuracy: 89.13% | Precision: 0.8853 | Recall: 0.8914 | F1 Score: 0.8879
2025-10-14 03:22:19,488 - INFO - Epoch [93/100], Loss: 0.1157, Train Accuracy: 95.89%
2025-10-14 03:22:20,790 - INFO - Test Accuracy: 91.30% | Precision: 0.9096 | Recall: 0.9096 | F1 Score: 0.9096
2025-10-14 03:22:32,833 - INFO - Epoch [94/100], Loss: 0.1282, Train Accuracy: 94.25%
2025-10-14 03:22:34,159 - INFO - Test Accuracy: 89.13% | Precision: 0.8866 | Recall: 0.9002 | F1 Score: 0.8894
2025-10-14 03:22:46,235 - INFO - Epoch [95/100], Loss: 0.1212, Train Accuracy: 95.07%
2025-10-14 03:22:47,563 - INFO - Test Accuracy: 85.87% | Precision: 0.8529 | Recall: 0.8641 | F1 Score: 0.8558
2025-10-14 03:22:59,608 - INFO - Epoch [96/100], Loss: 0.1664, Train Accuracy: 93.42%
2025-10-14 03:23:00,917 - INFO - Test Accuracy: 84.78% | Precision: 0.8986 | Recall: 0.8108 | F1 Score: 0.8269
2025-10-14 03:23:12,961 - INFO - Epoch [97/100], Loss: 0.1484, Train Accuracy: 95.07%
2025-10-14 03:23:14,262 - INFO - Test Accuracy: 93.48% | Precision: 0.9363 | Recall: 0.9278 | F1 Score: 0.9315
2025-10-14 03:23:26,317 - INFO - Epoch [98/100], Loss: 0.1254, Train Accuracy: 96.16%
2025-10-14 03:23:27,620 - INFO - Test Accuracy: 81.52% | Precision: 0.8426 | Recall: 0.8455 | F1 Score: 0.8152
2025-10-14 03:23:39,680 - INFO - Epoch [99/100], Loss: 0.1222, Train Accuracy: 95.07%
2025-10-14 03:23:40,986 - INFO - Test Accuracy: 57.61% | Precision: 0.7155 | Recall: 0.6410 | F1 Score: 0.5572
2025-10-14 03:23:53,048 - INFO - Epoch [100/100], Loss: 0.1502, Train Accuracy: 94.25%
2025-10-14 03:23:54,370 - INFO - Test Accuracy: 92.39% | Precision: 0.9226 | Recall: 0.9187 | F1 Score: 0.9205
