2025-10-14 01:30:17,889 - INFO - 로깅을 시작합니다.
2025-10-14 01:30:18,115 - INFO - 데이터 로딩 완료. 훈련 데이터: 365개, 테스트 데이터: 92개
2025-10-14 01:30:18,646 - INFO - 훈련 모드를 시작합니다.
2025-10-14 01:30:28,018 - INFO - Epoch [1/20], Loss: 0.6263, Train Accuracy: 67.40%
2025-10-14 01:30:28,907 - INFO - Test Accuracy: 53.26% | Precision: 0.6678 | Recall: 0.6002 | F1 Score: 0.5069
2025-10-14 01:30:28,915 - INFO - 최고 성능 모델 저장 완료 (F1 Score: 0.5069) -> 'checkpoints/Refined_mix/best_model.pth'
2025-10-14 01:30:37,222 - INFO - Epoch [2/20], Loss: 0.4291, Train Accuracy: 80.27%
2025-10-14 01:30:38,263 - INFO - Test Accuracy: 42.39% | Precision: 0.7056 | Recall: 0.5182 | F1 Score: 0.3264
2025-10-14 01:30:46,733 - INFO - Epoch [3/20], Loss: 0.3762, Train Accuracy: 81.92%
2025-10-14 01:30:47,575 - INFO - Test Accuracy: 48.91% | Precision: 0.6354 | Recall: 0.5639 | F1 Score: 0.4484
2025-10-14 01:30:56,218 - INFO - Epoch [4/20], Loss: 0.4127, Train Accuracy: 81.10%
2025-10-14 01:30:57,193 - INFO - Test Accuracy: 41.30% | Precision: 0.7033 | Recall: 0.5091 | F1 Score: 0.3069
2025-10-14 01:31:06,497 - INFO - Epoch [5/20], Loss: 0.4062, Train Accuracy: 78.90%
2025-10-14 01:31:07,448 - INFO - Test Accuracy: 43.48% | Precision: 0.7079 | Recall: 0.5273 | F1 Score: 0.3454
2025-10-14 01:31:15,652 - INFO - Epoch [6/20], Loss: 0.3226, Train Accuracy: 87.12%
2025-10-14 01:31:16,579 - INFO - Test Accuracy: 82.61% | Precision: 0.8211 | Recall: 0.8324 | F1 Score: 0.8231
2025-10-14 01:31:16,588 - INFO - 최고 성능 모델 저장 완료 (F1 Score: 0.8231) -> 'checkpoints/Refined_mix/best_model.pth'
2025-10-14 01:31:24,493 - INFO - Epoch [7/20], Loss: 0.4303, Train Accuracy: 80.55%
2025-10-14 01:31:25,401 - INFO - Test Accuracy: 67.39% | Precision: 0.7584 | Recall: 0.7229 | F1 Score: 0.6700
2025-10-14 01:31:33,450 - INFO - Epoch [8/20], Loss: 0.3903, Train Accuracy: 82.19%
2025-10-14 01:31:34,363 - INFO - Test Accuracy: 43.48% | Precision: 0.6069 | Recall: 0.5229 | F1 Score: 0.3570
2025-10-14 01:31:42,686 - INFO - Epoch [9/20], Loss: 0.3333, Train Accuracy: 87.95%
2025-10-14 01:31:43,633 - INFO - Test Accuracy: 81.52% | Precision: 0.8480 | Recall: 0.7791 | F1 Score: 0.7916
2025-10-14 01:31:53,030 - INFO - Epoch [10/20], Loss: 0.3579, Train Accuracy: 84.38%
2025-10-14 01:31:54,039 - INFO - Test Accuracy: 84.78% | Precision: 0.8535 | Recall: 0.8285 | F1 Score: 0.8367
2025-10-14 01:31:54,048 - INFO - 최고 성능 모델 저장 완료 (F1 Score: 0.8367) -> 'checkpoints/Refined_mix/best_model.pth'
2025-10-14 01:32:03,142 - INFO - Epoch [11/20], Loss: 0.3223, Train Accuracy: 87.12%
2025-10-14 01:32:04,332 - INFO - Test Accuracy: 73.91% | Precision: 0.8481 | Recall: 0.6757 | F1 Score: 0.6704
2025-10-14 01:32:13,344 - INFO - Epoch [12/20], Loss: 0.3078, Train Accuracy: 87.95%
2025-10-14 01:32:14,533 - INFO - Test Accuracy: 80.43% | Precision: 0.8565 | Recall: 0.7612 | F1 Score: 0.7734
2025-10-14 01:32:23,183 - INFO - Epoch [13/20], Loss: 0.2595, Train Accuracy: 88.22%
2025-10-14 01:32:24,457 - INFO - Test Accuracy: 41.30% | Precision: 0.7033 | Recall: 0.5091 | F1 Score: 0.3069
2025-10-14 01:32:32,940 - INFO - Epoch [14/20], Loss: 0.2979, Train Accuracy: 86.58%
2025-10-14 01:32:33,799 - INFO - Test Accuracy: 80.43% | Precision: 0.8767 | Recall: 0.7568 | F1 Score: 0.7690
2025-10-14 01:32:42,322 - INFO - Epoch [15/20], Loss: 0.3305, Train Accuracy: 86.85%
2025-10-14 01:32:43,308 - INFO - Test Accuracy: 71.74% | Precision: 0.7663 | Recall: 0.7548 | F1 Score: 0.7169
2025-10-14 01:32:51,736 - INFO - Epoch [16/20], Loss: 0.2519, Train Accuracy: 90.68%
2025-10-14 01:32:52,693 - INFO - Test Accuracy: 85.87% | Precision: 0.8694 | Recall: 0.8376 | F1 Score: 0.8474
2025-10-14 01:32:52,703 - INFO - 최고 성능 모델 저장 완료 (F1 Score: 0.8474) -> 'checkpoints/Refined_mix/best_model.pth'
2025-10-14 01:33:01,671 - INFO - Epoch [17/20], Loss: 0.2762, Train Accuracy: 89.04%
2025-10-14 01:33:02,516 - INFO - Test Accuracy: 81.52% | Precision: 0.8262 | Recall: 0.8366 | F1 Score: 0.8147
2025-10-14 01:33:10,820 - INFO - Epoch [18/20], Loss: 0.2572, Train Accuracy: 89.86%
2025-10-14 01:33:11,656 - INFO - Test Accuracy: 60.87% | Precision: 0.8022 | Recall: 0.5135 | F1 Score: 0.4030
2025-10-14 01:33:21,000 - INFO - Epoch [19/20], Loss: 0.2635, Train Accuracy: 89.59%
2025-10-14 01:33:22,159 - INFO - Test Accuracy: 40.22% | Precision: 0.4500 | Recall: 0.4956 | F1 Score: 0.3010
2025-10-14 01:33:31,604 - INFO - Epoch [20/20], Loss: 0.2446, Train Accuracy: 89.32%
2025-10-14 01:33:32,456 - INFO - Test Accuracy: 84.78% | Precision: 0.8610 | Recall: 0.8241 | F1 Score: 0.8346
