2025-10-14 02:01:00,374 - INFO - 로깅을 시작합니다.
2025-10-14 02:01:00,495 - INFO - 데이터 로딩 완료. 훈련 데이터: 365개, 테스트 데이터: 92개
2025-10-14 02:01:01,052 - INFO - 훈련 모드를 시작합니다.
2025-10-14 02:01:14,484 - INFO - Epoch [1/20], Loss: 0.5444, Train Accuracy: 70.14%
2025-10-14 02:01:15,850 - INFO - Test Accuracy: 71.74% | Precision: 0.8033 | Recall: 0.6531 | F1 Score: 0.6430
2025-10-14 02:01:15,859 - INFO - 최고 성능 모델 저장 완료 (F1 Score: 0.6430) -> 'checkpoints/Refined_mix/best_model.pth'
2025-10-14 02:01:28,425 - INFO - Epoch [2/20], Loss: 0.4106, Train Accuracy: 81.92%
2025-10-14 02:01:29,674 - INFO - Test Accuracy: 84.78% | Precision: 0.8418 | Recall: 0.8418 | F1 Score: 0.8418
2025-10-14 02:01:29,683 - INFO - 최고 성능 모델 저장 완료 (F1 Score: 0.8418) -> 'checkpoints/Refined_mix/best_model.pth'
2025-10-14 02:01:42,335 - INFO - Epoch [3/20], Loss: 0.4475, Train Accuracy: 78.63%
2025-10-14 02:01:43,616 - INFO - Test Accuracy: 77.17% | Precision: 0.7917 | Recall: 0.7339 | F1 Score: 0.7425
2025-10-14 02:01:55,968 - INFO - Epoch [4/20], Loss: 0.3989, Train Accuracy: 80.00%
2025-10-14 02:01:57,226 - INFO - Test Accuracy: 80.43% | Precision: 0.7966 | Recall: 0.7966 | F1 Score: 0.7966
2025-10-14 02:02:09,489 - INFO - Epoch [5/20], Loss: 0.3492, Train Accuracy: 84.11%
2025-10-14 02:02:10,735 - INFO - Test Accuracy: 77.17% | Precision: 0.8032 | Recall: 0.7295 | F1 Score: 0.7380
2025-10-14 02:02:23,258 - INFO - Epoch [6/20], Loss: 0.3736, Train Accuracy: 82.74%
2025-10-14 02:02:24,596 - INFO - Test Accuracy: 54.35% | Precision: 0.7342 | Recall: 0.6182 | F1 Score: 0.5101
2025-10-14 02:02:37,160 - INFO - Epoch [7/20], Loss: 0.3203, Train Accuracy: 86.03%
2025-10-14 02:02:38,508 - INFO - Test Accuracy: 72.83% | Precision: 0.8438 | Recall: 0.6622 | F1 Score: 0.6523
2025-10-14 02:02:51,282 - INFO - Epoch [8/20], Loss: 0.3649, Train Accuracy: 83.01%
2025-10-14 02:02:52,664 - INFO - Test Accuracy: 64.13% | Precision: 0.8125 | Recall: 0.5541 | F1 Score: 0.4822
2025-10-14 02:03:05,453 - INFO - Epoch [9/20], Loss: 0.3550, Train Accuracy: 84.38%
2025-10-14 02:03:06,785 - INFO - Test Accuracy: 82.61% | Precision: 0.8241 | Recall: 0.8369 | F1 Score: 0.8240
2025-10-14 02:03:19,047 - INFO - Epoch [10/20], Loss: 0.3462, Train Accuracy: 86.30%
2025-10-14 02:03:20,360 - INFO - Test Accuracy: 76.09% | Precision: 0.7823 | Recall: 0.7867 | F1 Score: 0.7608
2025-10-14 02:03:32,682 - INFO - Epoch [11/20], Loss: 0.3434, Train Accuracy: 84.11%
2025-10-14 02:03:33,992 - INFO - Test Accuracy: 64.13% | Precision: 0.8125 | Recall: 0.5541 | F1 Score: 0.4822
2025-10-14 02:03:46,303 - INFO - Epoch [12/20], Loss: 0.3235, Train Accuracy: 86.30%
2025-10-14 02:03:47,634 - INFO - Test Accuracy: 73.91% | Precision: 0.8033 | Recall: 0.7818 | F1 Score: 0.7380
2025-10-14 02:03:59,994 - INFO - Epoch [13/20], Loss: 0.3063, Train Accuracy: 85.75%
2025-10-14 02:04:01,302 - INFO - Test Accuracy: 79.35% | Precision: 0.8331 | Recall: 0.7521 | F1 Score: 0.7630
2025-10-14 02:04:14,079 - INFO - Epoch [14/20], Loss: 0.2857, Train Accuracy: 86.85%
2025-10-14 02:04:15,463 - INFO - Test Accuracy: 75.00% | Precision: 0.7409 | Recall: 0.7334 | F1 Score: 0.7363
2025-10-14 02:04:28,438 - INFO - Epoch [15/20], Loss: 0.2587, Train Accuracy: 89.32%
2025-10-14 02:04:29,829 - INFO - Test Accuracy: 77.17% | Precision: 0.8181 | Recall: 0.7251 | F1 Score: 0.7331
2025-10-14 02:04:43,371 - INFO - Epoch [16/20], Loss: 0.2906, Train Accuracy: 88.77%
2025-10-14 02:04:44,742 - INFO - Test Accuracy: 70.65% | Precision: 0.7490 | Recall: 0.7413 | F1 Score: 0.7062
2025-10-14 02:04:58,183 - INFO - Epoch [17/20], Loss: 0.3038, Train Accuracy: 85.21%
2025-10-14 02:04:59,580 - INFO - Test Accuracy: 80.43% | Precision: 0.8024 | Recall: 0.8143 | F1 Score: 0.8020
2025-10-14 02:05:13,012 - INFO - Epoch [18/20], Loss: 0.2273, Train Accuracy: 90.96%
2025-10-14 02:05:14,456 - INFO - Test Accuracy: 78.26% | Precision: 0.8006 | Recall: 0.7474 | F1 Score: 0.7567
2025-10-14 02:05:27,286 - INFO - Epoch [19/20], Loss: 0.3379, Train Accuracy: 84.93%
2025-10-14 02:05:28,603 - INFO - Test Accuracy: 82.61% | Precision: 0.8241 | Recall: 0.8369 | F1 Score: 0.8240
2025-10-14 02:05:41,643 - INFO - Epoch [20/20], Loss: 0.3114, Train Accuracy: 87.95%
2025-10-14 02:05:42,928 - INFO - Test Accuracy: 86.96% | Precision: 0.8632 | Recall: 0.8732 | F1 Score: 0.8665
2025-10-14 02:05:42,937 - INFO - 최고 성능 모델 저장 완료 (F1 Score: 0.8665) -> 'checkpoints/Refined_mix/best_model.pth'
