2025-10-14 07:03:24,628 - INFO - 로깅을 시작합니다.
2025-10-14 07:03:24,628 - INFO - ===== 실행 인자 =====
2025-10-14 07:03:24,628 - INFO - mode: train
2025-10-14 07:03:24,628 - INFO - data_dir: ./tap_new
2025-10-14 07:03:24,628 - INFO - batch_size: 8
2025-10-14 07:03:24,628 - INFO - epochs: 100
2025-10-14 07:03:24,628 - INFO - lr: 0.001
2025-10-14 07:03:24,628 - INFO - model_path: best_model.pth
2025-10-14 07:03:24,628 - INFO - in_channels: 3
2025-10-14 07:03:24,628 - INFO - img_size: 480
2025-10-14 07:03:24,628 - INFO - patch_len: 32
2025-10-14 07:03:24,628 - INFO - emb_dim: 24
2025-10-14 07:03:24,628 - INFO - n_heads: 4
2025-10-14 07:03:24,628 - INFO - d_layers: 2
2025-10-14 07:03:24,628 - INFO - patch_size: 120
2025-10-14 07:03:24,628 - INFO - save_attention_maps: False
2025-10-14 07:03:24,628 - INFO - =====================
2025-10-14 07:03:24,701 - INFO - 데이터 로딩 완료. 훈련 데이터: 1353개, 테스트 데이터: 339개
2025-10-14 07:03:24,973 - INFO - 훈련 모드를 시작합니다.
2025-10-14 07:04:10,107 - INFO - Epoch [1/100], Loss: 0.5410, Train Accuracy: 72.88%
2025-10-14 07:04:14,204 - INFO - Test Accuracy: 76.11% | Precision: 0.7793 | Recall: 0.7558 | F1 Score: 0.7544
2025-10-14 07:04:14,209 - INFO - 최고 성능 모델 저장 완료 (F1 Score: 0.7544) -> 'checkpoints/tap_new/best_model.pth'
2025-10-14 07:04:58,111 - INFO - Epoch [2/100], Loss: 0.5068, Train Accuracy: 77.09%
2025-10-14 07:05:02,482 - INFO - Test Accuracy: 64.60% | Precision: 0.7646 | Recall: 0.6584 | F1 Score: 0.6115
2025-10-14 07:05:48,100 - INFO - Epoch [3/100], Loss: 0.5012, Train Accuracy: 74.87%
2025-10-14 07:05:52,327 - INFO - Test Accuracy: 75.52% | Precision: 0.7795 | Recall: 0.7606 | F1 Score: 0.7520
2025-10-14 07:06:36,530 - INFO - Epoch [4/100], Loss: 0.4701, Train Accuracy: 78.12%
2025-10-14 07:06:40,846 - INFO - Test Accuracy: 79.06% | Precision: 0.7943 | Recall: 0.7881 | F1 Score: 0.7887
2025-10-14 07:06:40,855 - INFO - 최고 성능 모델 저장 완료 (F1 Score: 0.7887) -> 'checkpoints/tap_new/best_model.pth'
2025-10-14 07:07:25,470 - INFO - Epoch [5/100], Loss: 0.4693, Train Accuracy: 77.83%
2025-10-14 07:07:30,000 - INFO - Test Accuracy: 77.88% | Precision: 0.7842 | Recall: 0.7813 | F1 Score: 0.7785
2025-10-14 07:08:16,006 - INFO - Epoch [6/100], Loss: 0.4551, Train Accuracy: 79.23%
2025-10-14 07:08:20,603 - INFO - Test Accuracy: 78.17% | Precision: 0.7830 | Recall: 0.7800 | F1 Score: 0.7805
2025-10-14 07:09:05,074 - INFO - Epoch [7/100], Loss: 0.4691, Train Accuracy: 79.08%
2025-10-14 07:09:09,367 - INFO - Test Accuracy: 81.42% | Precision: 0.8181 | Recall: 0.8163 | F1 Score: 0.8141
2025-10-14 07:09:09,376 - INFO - 최고 성능 모델 저장 완료 (F1 Score: 0.8141) -> 'checkpoints/tap_new/best_model.pth'
2025-10-14 07:09:54,551 - INFO - Epoch [8/100], Loss: 0.4458, Train Accuracy: 79.08%
2025-10-14 07:09:58,901 - INFO - Test Accuracy: 77.58% | Precision: 0.7759 | Recall: 0.7748 | F1 Score: 0.7751
2025-10-14 07:10:43,657 - INFO - Epoch [9/100], Loss: 0.4468, Train Accuracy: 79.67%
2025-10-14 07:10:48,050 - INFO - Test Accuracy: 81.12% | Precision: 0.8117 | Recall: 0.8121 | F1 Score: 0.8112
2025-10-14 07:11:32,298 - INFO - Epoch [10/100], Loss: 0.4310, Train Accuracy: 80.12%
2025-10-14 07:11:36,712 - INFO - Test Accuracy: 79.35% | Precision: 0.7949 | Recall: 0.7918 | F1 Score: 0.7924
2025-10-14 07:12:20,920 - INFO - Epoch [11/100], Loss: 0.4259, Train Accuracy: 80.64%
2025-10-14 07:12:25,284 - INFO - Test Accuracy: 78.47% | Precision: 0.7875 | Recall: 0.7824 | F1 Score: 0.7830
2025-10-14 07:13:09,417 - INFO - Epoch [12/100], Loss: 0.4165, Train Accuracy: 80.93%
2025-10-14 07:13:13,773 - INFO - Test Accuracy: 78.76% | Precision: 0.7878 | Recall: 0.7882 | F1 Score: 0.7876
2025-10-14 07:13:58,015 - INFO - Epoch [13/100], Loss: 0.4185, Train Accuracy: 81.60%
2025-10-14 07:14:02,408 - INFO - Test Accuracy: 77.58% | Precision: 0.7770 | Recall: 0.7741 | F1 Score: 0.7746
2025-10-14 07:14:46,740 - INFO - Epoch [14/100], Loss: 0.4044, Train Accuracy: 83.30%
2025-10-14 07:14:51,099 - INFO - Test Accuracy: 80.24% | Precision: 0.8024 | Recall: 0.8029 | F1 Score: 0.8023
2025-10-14 07:15:35,278 - INFO - Epoch [15/100], Loss: 0.4028, Train Accuracy: 81.74%
2025-10-14 07:15:39,674 - INFO - Test Accuracy: 79.06% | Precision: 0.7917 | Recall: 0.7890 | F1 Score: 0.7895
2025-10-14 07:16:23,929 - INFO - Epoch [16/100], Loss: 0.4174, Train Accuracy: 80.49%
2025-10-14 07:16:28,304 - INFO - Test Accuracy: 80.24% | Precision: 0.8041 | Recall: 0.8038 | F1 Score: 0.8024
2025-10-14 07:17:12,549 - INFO - Epoch [17/100], Loss: 0.3983, Train Accuracy: 82.56%
2025-10-14 07:17:16,922 - INFO - Test Accuracy: 79.94% | Precision: 0.7992 | Recall: 0.7996 | F1 Score: 0.7993
2025-10-14 07:18:01,071 - INFO - Epoch [18/100], Loss: 0.3930, Train Accuracy: 84.11%
2025-10-14 07:18:05,450 - INFO - Test Accuracy: 78.47% | Precision: 0.7849 | Recall: 0.7836 | F1 Score: 0.7839
2025-10-14 07:18:49,682 - INFO - Epoch [19/100], Loss: 0.4143, Train Accuracy: 80.86%
2025-10-14 07:18:54,055 - INFO - Test Accuracy: 79.06% | Precision: 0.8137 | Recall: 0.7852 | F1 Score: 0.7842
2025-10-14 07:19:38,313 - INFO - Epoch [20/100], Loss: 0.4171, Train Accuracy: 81.30%
2025-10-14 07:19:42,698 - INFO - Test Accuracy: 76.99% | Precision: 0.7710 | Recall: 0.7682 | F1 Score: 0.7687
2025-10-14 07:20:26,871 - INFO - Epoch [21/100], Loss: 0.3961, Train Accuracy: 82.26%
2025-10-14 07:20:31,263 - INFO - Test Accuracy: 77.58% | Precision: 0.7757 | Recall: 0.7750 | F1 Score: 0.7752
2025-10-14 07:21:15,479 - INFO - Epoch [22/100], Loss: 0.3878, Train Accuracy: 83.44%
2025-10-14 07:21:19,853 - INFO - Test Accuracy: 76.70% | Precision: 0.7706 | Recall: 0.7690 | F1 Score: 0.7668
2025-10-14 07:22:04,144 - INFO - Epoch [23/100], Loss: 0.3951, Train Accuracy: 82.56%
2025-10-14 07:22:08,537 - INFO - Test Accuracy: 75.81% | Precision: 0.7855 | Recall: 0.7519 | F1 Score: 0.7489
2025-10-14 07:22:52,705 - INFO - Epoch [24/100], Loss: 0.4012, Train Accuracy: 82.04%
2025-10-14 07:22:57,101 - INFO - Test Accuracy: 79.35% | Precision: 0.7969 | Recall: 0.7912 | F1 Score: 0.7918
2025-10-14 07:23:41,369 - INFO - Epoch [25/100], Loss: 0.3867, Train Accuracy: 82.19%
2025-10-14 07:23:45,736 - INFO - Test Accuracy: 79.35% | Precision: 0.7944 | Recall: 0.7921 | F1 Score: 0.7926
2025-10-14 07:24:30,027 - INFO - Epoch [26/100], Loss: 0.3911, Train Accuracy: 82.48%
2025-10-14 07:24:34,419 - INFO - Test Accuracy: 78.17% | Precision: 0.7955 | Recall: 0.7773 | F1 Score: 0.7771
2025-10-14 07:25:18,592 - INFO - Epoch [27/100], Loss: 0.3796, Train Accuracy: 84.33%
2025-10-14 07:25:22,969 - INFO - Test Accuracy: 80.83% | Precision: 0.8080 | Recall: 0.8079 | F1 Score: 0.8079
2025-10-14 07:26:07,245 - INFO - Epoch [28/100], Loss: 0.3953, Train Accuracy: 82.48%
2025-10-14 07:26:11,616 - INFO - Test Accuracy: 77.29% | Precision: 0.7812 | Recall: 0.7692 | F1 Score: 0.7693
2025-10-14 07:26:55,884 - INFO - Epoch [29/100], Loss: 0.3886, Train Accuracy: 82.78%
2025-10-14 07:27:00,269 - INFO - Test Accuracy: 77.88% | Precision: 0.7815 | Recall: 0.7765 | F1 Score: 0.7770
2025-10-14 07:27:44,423 - INFO - Epoch [30/100], Loss: 0.3777, Train Accuracy: 83.96%
2025-10-14 07:27:48,803 - INFO - Test Accuracy: 79.06% | Precision: 0.8041 | Recall: 0.7863 | F1 Score: 0.7863
2025-10-14 07:28:33,045 - INFO - Epoch [31/100], Loss: 0.3927, Train Accuracy: 82.78%
2025-10-14 07:28:37,427 - INFO - Test Accuracy: 79.06% | Precision: 0.7922 | Recall: 0.7888 | F1 Score: 0.7893
2025-10-14 07:29:21,659 - INFO - Epoch [32/100], Loss: 0.3825, Train Accuracy: 82.78%
2025-10-14 07:29:26,035 - INFO - Test Accuracy: 79.35% | Precision: 0.8098 | Recall: 0.7889 | F1 Score: 0.7887
2025-10-14 07:30:10,203 - INFO - Epoch [33/100], Loss: 0.3701, Train Accuracy: 84.04%
2025-10-14 07:30:14,590 - INFO - Test Accuracy: 79.65% | Precision: 0.7996 | Recall: 0.7942 | F1 Score: 0.7949
2025-10-14 07:30:58,836 - INFO - Epoch [34/100], Loss: 0.3872, Train Accuracy: 83.44%
2025-10-14 07:31:03,218 - INFO - Test Accuracy: 83.48% | Precision: 0.8404 | Recall: 0.8373 | F1 Score: 0.8346
2025-10-14 07:31:03,227 - INFO - 최고 성능 모델 저장 완료 (F1 Score: 0.8346) -> 'checkpoints/tap_new/best_model.pth'
2025-10-14 07:31:47,496 - INFO - Epoch [35/100], Loss: 0.3882, Train Accuracy: 83.37%
2025-10-14 07:31:51,876 - INFO - Test Accuracy: 78.17% | Precision: 0.8091 | Recall: 0.7873 | F1 Score: 0.7788
2025-10-14 07:32:36,015 - INFO - Epoch [36/100], Loss: 0.3724, Train Accuracy: 83.37%
2025-10-14 07:32:40,389 - INFO - Test Accuracy: 82.60% | Precision: 0.8284 | Recall: 0.8276 | F1 Score: 0.8259
2025-10-14 07:33:24,654 - INFO - Epoch [37/100], Loss: 0.3647, Train Accuracy: 84.77%
2025-10-14 07:33:29,056 - INFO - Test Accuracy: 83.48% | Precision: 0.8358 | Recall: 0.8359 | F1 Score: 0.8348
2025-10-14 07:33:29,065 - INFO - 최고 성능 모델 저장 완료 (F1 Score: 0.8348) -> 'checkpoints/tap_new/best_model.pth'
2025-10-14 07:34:13,315 - INFO - Epoch [38/100], Loss: 0.3777, Train Accuracy: 84.11%
2025-10-14 07:34:17,714 - INFO - Test Accuracy: 81.12% | Precision: 0.8214 | Recall: 0.8146 | F1 Score: 0.8106
2025-10-14 07:35:01,873 - INFO - Epoch [39/100], Loss: 0.3751, Train Accuracy: 83.81%
2025-10-14 07:35:06,261 - INFO - Test Accuracy: 77.58% | Precision: 0.7964 | Recall: 0.7705 | F1 Score: 0.7693
2025-10-14 07:35:50,514 - INFO - Epoch [40/100], Loss: 0.3700, Train Accuracy: 83.30%
2025-10-14 07:35:54,902 - INFO - Test Accuracy: 83.19% | Precision: 0.8319 | Recall: 0.8324 | F1 Score: 0.8318
2025-10-14 07:36:39,167 - INFO - Epoch [41/100], Loss: 0.3735, Train Accuracy: 82.56%
2025-10-14 07:36:43,533 - INFO - Test Accuracy: 79.94% | Precision: 0.7994 | Recall: 0.7987 | F1 Score: 0.7989
2025-10-14 07:37:27,700 - INFO - Epoch [42/100], Loss: 0.3622, Train Accuracy: 84.41%
2025-10-14 07:37:32,082 - INFO - Test Accuracy: 79.35% | Precision: 0.7955 | Recall: 0.7916 | F1 Score: 0.7922
2025-10-14 07:38:16,340 - INFO - Epoch [43/100], Loss: 0.3640, Train Accuracy: 84.48%
2025-10-14 07:38:20,724 - INFO - Test Accuracy: 80.83% | Precision: 0.8134 | Recall: 0.8056 | F1 Score: 0.8063
2025-10-14 07:39:04,968 - INFO - Epoch [44/100], Loss: 0.3734, Train Accuracy: 83.74%
2025-10-14 07:39:09,340 - INFO - Test Accuracy: 77.29% | Precision: 0.8035 | Recall: 0.7665 | F1 Score: 0.7639
2025-10-14 07:39:53,497 - INFO - Epoch [45/100], Loss: 0.3694, Train Accuracy: 83.89%
2025-10-14 07:39:57,917 - INFO - Test Accuracy: 82.30% | Precision: 0.8234 | Recall: 0.8221 | F1 Score: 0.8225
2025-10-14 07:40:42,151 - INFO - Epoch [46/100], Loss: 0.3688, Train Accuracy: 84.04%
2025-10-14 07:40:46,540 - INFO - Test Accuracy: 80.83% | Precision: 0.8087 | Recall: 0.8072 | F1 Score: 0.8076
2025-10-14 07:41:30,801 - INFO - Epoch [47/100], Loss: 0.3781, Train Accuracy: 82.85%
2025-10-14 07:41:35,177 - INFO - Test Accuracy: 79.94% | Precision: 0.8030 | Recall: 0.7971 | F1 Score: 0.7977
2025-10-14 07:42:19,297 - INFO - Epoch [48/100], Loss: 0.3523, Train Accuracy: 85.37%
2025-10-14 07:42:23,701 - INFO - Test Accuracy: 77.88% | Precision: 0.7949 | Recall: 0.7740 | F1 Score: 0.7734
2025-10-14 07:43:07,961 - INFO - Epoch [49/100], Loss: 0.3609, Train Accuracy: 84.18%
2025-10-14 07:43:12,334 - INFO - Test Accuracy: 80.53% | Precision: 0.8063 | Recall: 0.8039 | F1 Score: 0.8044
2025-10-14 07:43:56,566 - INFO - Epoch [50/100], Loss: 0.3467, Train Accuracy: 85.07%
2025-10-14 07:44:00,939 - INFO - Test Accuracy: 79.94% | Precision: 0.8048 | Recall: 0.7966 | F1 Score: 0.7972
2025-10-14 07:44:45,084 - INFO - Epoch [51/100], Loss: 0.3594, Train Accuracy: 84.85%
2025-10-14 07:44:49,470 - INFO - Test Accuracy: 83.48% | Precision: 0.8346 | Recall: 0.8346 | F1 Score: 0.8346
2025-10-14 07:45:33,729 - INFO - Epoch [52/100], Loss: 0.3480, Train Accuracy: 85.14%
2025-10-14 07:45:38,096 - INFO - Test Accuracy: 81.12% | Precision: 0.8110 | Recall: 0.8114 | F1 Score: 0.8111
2025-10-14 07:46:22,353 - INFO - Epoch [53/100], Loss: 0.3593, Train Accuracy: 84.92%
2025-10-14 07:46:26,726 - INFO - Test Accuracy: 80.53% | Precision: 0.8144 | Recall: 0.8019 | F1 Score: 0.8024
2025-10-14 07:47:10,875 - INFO - Epoch [54/100], Loss: 0.3514, Train Accuracy: 84.85%
2025-10-14 07:47:15,255 - INFO - Test Accuracy: 82.89% | Precision: 0.8317 | Recall: 0.8307 | F1 Score: 0.8289
2025-10-14 07:47:59,478 - INFO - Epoch [55/100], Loss: 0.3556, Train Accuracy: 84.85%
2025-10-14 07:48:03,869 - INFO - Test Accuracy: 80.83% | Precision: 0.8124 | Recall: 0.8058 | F1 Score: 0.8065
2025-10-14 07:48:48,122 - INFO - Epoch [56/100], Loss: 0.3452, Train Accuracy: 84.70%
2025-10-14 07:48:52,510 - INFO - Test Accuracy: 78.76% | Precision: 0.8018 | Recall: 0.7832 | F1 Score: 0.7831
2025-10-14 07:49:36,697 - INFO - Epoch [57/100], Loss: 0.3606, Train Accuracy: 84.18%
2025-10-14 07:49:41,065 - INFO - Test Accuracy: 82.01% | Precision: 0.8232 | Recall: 0.8219 | F1 Score: 0.8200
2025-10-14 07:50:25,300 - INFO - Epoch [58/100], Loss: 0.3381, Train Accuracy: 85.07%
2025-10-14 07:50:29,668 - INFO - Test Accuracy: 80.53% | Precision: 0.8050 | Recall: 0.8050 | F1 Score: 0.8050
2025-10-14 07:51:13,912 - INFO - Epoch [59/100], Loss: 0.3551, Train Accuracy: 84.26%
2025-10-14 07:51:18,285 - INFO - Test Accuracy: 79.65% | Precision: 0.8104 | Recall: 0.7922 | F1 Score: 0.7923
2025-10-14 07:52:02,440 - INFO - Epoch [60/100], Loss: 0.3532, Train Accuracy: 85.66%
2025-10-14 07:52:06,813 - INFO - Test Accuracy: 81.12% | Precision: 0.8109 | Recall: 0.8109 | F1 Score: 0.8109
2025-10-14 07:52:51,033 - INFO - Epoch [61/100], Loss: 0.3530, Train Accuracy: 84.33%
2025-10-14 07:52:55,404 - INFO - Test Accuracy: 80.53% | Precision: 0.8109 | Recall: 0.8025 | F1 Score: 0.8032
2025-10-14 07:53:39,626 - INFO - Epoch [62/100], Loss: 0.3374, Train Accuracy: 85.74%
2025-10-14 07:53:44,003 - INFO - Test Accuracy: 80.24% | Precision: 0.8150 | Recall: 0.7983 | F1 Score: 0.7987
2025-10-14 07:54:28,131 - INFO - Epoch [63/100], Loss: 0.3397, Train Accuracy: 84.55%
2025-10-14 07:54:32,527 - INFO - Test Accuracy: 81.12% | Precision: 0.8181 | Recall: 0.8082 | F1 Score: 0.8089
2025-10-14 07:55:16,748 - INFO - Epoch [64/100], Loss: 0.3390, Train Accuracy: 85.44%
2025-10-14 07:55:21,159 - INFO - Test Accuracy: 74.34% | Precision: 0.7747 | Recall: 0.7365 | F1 Score: 0.7319
2025-10-14 07:56:05,369 - INFO - Epoch [65/100], Loss: 0.3517, Train Accuracy: 84.85%
2025-10-14 07:56:09,762 - INFO - Test Accuracy: 79.65% | Precision: 0.8034 | Recall: 0.7933 | F1 Score: 0.7939
2025-10-14 07:56:53,869 - INFO - Epoch [66/100], Loss: 0.3404, Train Accuracy: 84.48%
2025-10-14 07:56:58,255 - INFO - Test Accuracy: 80.53% | Precision: 0.8189 | Recall: 0.8012 | F1 Score: 0.8015
2025-10-14 07:57:42,455 - INFO - Epoch [67/100], Loss: 0.3332, Train Accuracy: 86.10%
2025-10-14 07:57:46,845 - INFO - Test Accuracy: 82.01% | Precision: 0.8213 | Recall: 0.8213 | F1 Score: 0.8201
2025-10-14 07:58:31,067 - INFO - Epoch [68/100], Loss: 0.3364, Train Accuracy: 85.22%
2025-10-14 07:58:35,441 - INFO - Test Accuracy: 81.12% | Precision: 0.8123 | Recall: 0.8098 | F1 Score: 0.8103
2025-10-14 07:59:19,559 - INFO - Epoch [69/100], Loss: 0.3264, Train Accuracy: 85.81%
2025-10-14 07:59:23,948 - INFO - Test Accuracy: 81.12% | Precision: 0.8123 | Recall: 0.8098 | F1 Score: 0.8103
2025-10-14 08:00:08,171 - INFO - Epoch [70/100], Loss: 0.3450, Train Accuracy: 84.55%
2025-10-14 08:00:12,563 - INFO - Test Accuracy: 80.53% | Precision: 0.8144 | Recall: 0.8019 | F1 Score: 0.8024
2025-10-14 08:00:56,761 - INFO - Epoch [71/100], Loss: 0.3276, Train Accuracy: 86.55%
2025-10-14 08:01:01,127 - INFO - Test Accuracy: 83.48% | Precision: 0.8452 | Recall: 0.8314 | F1 Score: 0.8324
2025-10-14 08:01:45,231 - INFO - Epoch [72/100], Loss: 0.3370, Train Accuracy: 84.85%
2025-10-14 08:01:49,629 - INFO - Test Accuracy: 82.89% | Precision: 0.8352 | Recall: 0.8262 | F1 Score: 0.8271
2025-10-14 08:02:33,815 - INFO - Epoch [73/100], Loss: 0.3230, Train Accuracy: 85.96%
2025-10-14 08:02:38,192 - INFO - Test Accuracy: 82.89% | Precision: 0.8458 | Recall: 0.8246 | F1 Score: 0.8253
2025-10-14 08:03:22,401 - INFO - Epoch [74/100], Loss: 0.3180, Train Accuracy: 85.59%
2025-10-14 08:03:26,786 - INFO - Test Accuracy: 82.30% | Precision: 0.8291 | Recall: 0.8203 | F1 Score: 0.8211
2025-10-14 08:04:10,852 - INFO - Epoch [75/100], Loss: 0.3483, Train Accuracy: 84.92%
2025-10-14 08:04:15,256 - INFO - Test Accuracy: 80.53% | Precision: 0.8485 | Recall: 0.7985 | F1 Score: 0.7964
2025-10-14 08:04:59,445 - INFO - Epoch [76/100], Loss: 0.3267, Train Accuracy: 85.37%
2025-10-14 08:05:03,809 - INFO - Test Accuracy: 80.24% | Precision: 0.8316 | Recall: 0.7965 | F1 Score: 0.7955
2025-10-14 08:05:48,127 - INFO - Epoch [77/100], Loss: 0.3285, Train Accuracy: 86.25%
2025-10-14 08:05:52,513 - INFO - Test Accuracy: 83.48% | Precision: 0.8374 | Recall: 0.8330 | F1 Score: 0.8338
2025-10-14 08:06:36,633 - INFO - Epoch [78/100], Loss: 0.3236, Train Accuracy: 85.51%
2025-10-14 08:06:41,032 - INFO - Test Accuracy: 82.89% | Precision: 0.8406 | Recall: 0.8253 | F1 Score: 0.8261
2025-10-14 08:07:25,218 - INFO - Epoch [79/100], Loss: 0.3285, Train Accuracy: 85.81%
2025-10-14 08:07:29,596 - INFO - Test Accuracy: 83.19% | Precision: 0.8376 | Recall: 0.8292 | F1 Score: 0.8301
2025-10-14 08:08:13,775 - INFO - Epoch [80/100], Loss: 0.3294, Train Accuracy: 85.29%
2025-10-14 08:08:18,151 - INFO - Test Accuracy: 82.60% | Precision: 0.8400 | Recall: 0.8220 | F1 Score: 0.8227
2025-10-14 08:09:02,251 - INFO - Epoch [81/100], Loss: 0.3203, Train Accuracy: 86.18%
2025-10-14 08:09:06,650 - INFO - Test Accuracy: 83.19% | Precision: 0.8357 | Recall: 0.8297 | F1 Score: 0.8305
2025-10-14 08:09:50,838 - INFO - Epoch [82/100], Loss: 0.3322, Train Accuracy: 86.10%
2025-10-14 08:09:55,229 - INFO - Test Accuracy: 82.60% | Precision: 0.8502 | Recall: 0.8208 | F1 Score: 0.8211
2025-10-14 08:10:39,387 - INFO - Epoch [83/100], Loss: 0.3232, Train Accuracy: 85.96%
2025-10-14 08:10:43,761 - INFO - Test Accuracy: 82.89% | Precision: 0.8352 | Recall: 0.8262 | F1 Score: 0.8271
2025-10-14 08:11:27,852 - INFO - Epoch [84/100], Loss: 0.3127, Train Accuracy: 86.10%
2025-10-14 08:11:32,227 - INFO - Test Accuracy: 84.66% | Precision: 0.8502 | Recall: 0.8446 | F1 Score: 0.8455
2025-10-14 08:11:32,236 - INFO - 최고 성능 모델 저장 완료 (F1 Score: 0.8455) -> 'checkpoints/tap_new/best_model.pth'
2025-10-14 08:12:16,418 - INFO - Epoch [85/100], Loss: 0.3150, Train Accuracy: 86.25%
2025-10-14 08:12:20,839 - INFO - Test Accuracy: 80.53% | Precision: 0.8245 | Recall: 0.8005 | F1 Score: 0.8004
2025-10-14 08:13:05,045 - INFO - Epoch [86/100], Loss: 0.3217, Train Accuracy: 87.07%
2025-10-14 08:13:09,426 - INFO - Test Accuracy: 82.01% | Precision: 0.8232 | Recall: 0.8219 | F1 Score: 0.8200
2025-10-14 08:13:53,528 - INFO - Epoch [87/100], Loss: 0.3243, Train Accuracy: 85.96%
2025-10-14 08:13:57,910 - INFO - Test Accuracy: 76.11% | Precision: 0.7854 | Recall: 0.7552 | F1 Score: 0.7528
2025-10-14 08:14:42,183 - INFO - Epoch [88/100], Loss: 0.3325, Train Accuracy: 85.22%
2025-10-14 08:14:46,559 - INFO - Test Accuracy: 82.30% | Precision: 0.8415 | Recall: 0.8184 | F1 Score: 0.8189
2025-10-14 08:15:30,742 - INFO - Epoch [89/100], Loss: 0.3066, Train Accuracy: 87.51%
2025-10-14 08:15:35,120 - INFO - Test Accuracy: 83.78% | Precision: 0.8376 | Recall: 0.8381 | F1 Score: 0.8377
2025-10-14 08:16:19,178 - INFO - Epoch [90/100], Loss: 0.3031, Train Accuracy: 87.14%
2025-10-14 08:16:23,542 - INFO - Test Accuracy: 82.30% | Precision: 0.8482 | Recall: 0.8178 | F1 Score: 0.8179
2025-10-14 08:17:07,732 - INFO - Epoch [91/100], Loss: 0.2965, Train Accuracy: 86.84%
2025-10-14 08:17:12,116 - INFO - Test Accuracy: 82.60% | Precision: 0.8383 | Recall: 0.8222 | F1 Score: 0.8230
2025-10-14 08:17:56,291 - INFO - Epoch [92/100], Loss: 0.3065, Train Accuracy: 86.62%
2025-10-14 08:18:00,692 - INFO - Test Accuracy: 81.12% | Precision: 0.8112 | Recall: 0.8105 | F1 Score: 0.8107
2025-10-14 08:18:44,773 - INFO - Epoch [93/100], Loss: 0.3220, Train Accuracy: 87.29%
2025-10-14 08:18:49,156 - INFO - Test Accuracy: 82.89% | Precision: 0.8422 | Recall: 0.8250 | F1 Score: 0.8258
2025-10-14 08:19:33,309 - INFO - Epoch [94/100], Loss: 0.3242, Train Accuracy: 85.88%
2025-10-14 08:19:37,678 - INFO - Test Accuracy: 83.48% | Precision: 0.8391 | Recall: 0.8325 | F1 Score: 0.8334
2025-10-14 08:20:21,835 - INFO - Epoch [95/100], Loss: 0.2941, Train Accuracy: 86.84%
2025-10-14 08:20:26,198 - INFO - Test Accuracy: 82.30% | Precision: 0.8482 | Recall: 0.8178 | F1 Score: 0.8179
2025-10-14 08:21:10,294 - INFO - Epoch [96/100], Loss: 0.3082, Train Accuracy: 87.07%
2025-10-14 08:21:14,680 - INFO - Test Accuracy: 83.48% | Precision: 0.8347 | Recall: 0.8343 | F1 Score: 0.8345
2025-10-14 08:21:58,840 - INFO - Epoch [97/100], Loss: 0.2948, Train Accuracy: 87.88%
2025-10-14 08:22:03,231 - INFO - Test Accuracy: 83.48% | Precision: 0.8345 | Recall: 0.8348 | F1 Score: 0.8346
2025-10-14 08:22:47,419 - INFO - Epoch [98/100], Loss: 0.3198, Train Accuracy: 86.62%
2025-10-14 08:22:51,804 - INFO - Test Accuracy: 81.12% | Precision: 0.8150 | Recall: 0.8089 | F1 Score: 0.8096
2025-10-14 08:23:35,862 - INFO - Epoch [99/100], Loss: 0.3122, Train Accuracy: 86.92%
2025-10-14 08:23:40,256 - INFO - Test Accuracy: 84.07% | Precision: 0.8406 | Recall: 0.8402 | F1 Score: 0.8404
2025-10-14 08:24:24,425 - INFO - Epoch [100/100], Loss: 0.3231, Train Accuracy: 85.81%
2025-10-14 08:24:28,802 - INFO - Test Accuracy: 79.35% | Precision: 0.8021 | Recall: 0.7900 | F1 Score: 0.7904
