2025-10-14 01:34:09,449 - INFO - 로깅을 시작합니다.
2025-10-14 01:34:09,535 - INFO - 데이터 로딩 완료. 훈련 데이터: 1353개, 테스트 데이터: 339개
2025-10-14 01:34:10,103 - INFO - 훈련 모드를 시작합니다.
2025-10-14 01:35:12,590 - INFO - Epoch [1/20], Loss: 0.5112, Train Accuracy: 74.94%
2025-10-14 01:35:24,083 - INFO - Test Accuracy: 79.35% | Precision: 0.8094 | Recall: 0.7977 | F1 Score: 0.7922
2025-10-14 01:35:24,092 - INFO - 최고 성능 모델 저장 완료 (F1 Score: 0.7922) -> 'checkpoints/tap_new/best_model.pth'
2025-10-14 01:36:27,243 - INFO - Epoch [2/20], Loss: 0.4824, Train Accuracy: 79.08%
2025-10-14 01:36:39,025 - INFO - Test Accuracy: 79.35% | Precision: 0.7962 | Recall: 0.7952 | F1 Score: 0.7935
2025-10-14 01:36:39,033 - INFO - 최고 성능 모델 저장 완료 (F1 Score: 0.7935) -> 'checkpoints/tap_new/best_model.pth'
2025-10-14 01:37:43,133 - INFO - Epoch [3/20], Loss: 0.4818, Train Accuracy: 76.64%
2025-10-14 01:37:55,114 - INFO - Test Accuracy: 74.34% | Precision: 0.7699 | Recall: 0.7370 | F1 Score: 0.7333
2025-10-14 01:39:02,940 - INFO - Epoch [4/20], Loss: 0.4735, Train Accuracy: 78.71%
2025-10-14 01:39:15,344 - INFO - Test Accuracy: 79.65% | Precision: 0.7988 | Recall: 0.7981 | F1 Score: 0.7964
2025-10-14 01:39:15,353 - INFO - 최고 성능 모델 저장 완료 (F1 Score: 0.7964) -> 'checkpoints/tap_new/best_model.pth'
2025-10-14 01:40:17,948 - INFO - Epoch [5/20], Loss: 0.4584, Train Accuracy: 78.64%
2025-10-14 01:40:30,130 - INFO - Test Accuracy: 77.58% | Precision: 0.7815 | Recall: 0.7728 | F1 Score: 0.7731
2025-10-14 01:41:32,823 - INFO - Epoch [6/20], Loss: 0.4369, Train Accuracy: 80.71%
2025-10-14 01:41:44,870 - INFO - Test Accuracy: 76.11% | Precision: 0.7727 | Recall: 0.7567 | F1 Score: 0.7562
2025-10-14 01:42:48,352 - INFO - Epoch [7/20], Loss: 0.4458, Train Accuracy: 80.04%
2025-10-14 01:43:00,201 - INFO - Test Accuracy: 78.47% | Precision: 0.7912 | Recall: 0.7815 | F1 Score: 0.7819
2025-10-14 01:44:03,680 - INFO - Epoch [8/20], Loss: 0.4246, Train Accuracy: 81.52%
2025-10-14 01:44:15,661 - INFO - Test Accuracy: 79.06% | Precision: 0.7906 | Recall: 0.7910 | F1 Score: 0.7905
2025-10-14 01:45:21,858 - INFO - Epoch [9/20], Loss: 0.4289, Train Accuracy: 81.30%
2025-10-14 01:45:34,465 - INFO - Test Accuracy: 79.94% | Precision: 0.8083 | Recall: 0.7959 | F1 Score: 0.7964
2025-10-14 01:45:34,483 - INFO - 최고 성능 모델 저장 완료 (F1 Score: 0.7964) -> 'checkpoints/tap_new/best_model.pth'
2025-10-14 01:46:40,059 - INFO - Epoch [10/20], Loss: 0.4316, Train Accuracy: 80.41%
2025-10-14 01:46:51,552 - INFO - Test Accuracy: 80.24% | Precision: 0.8116 | Recall: 0.8056 | F1 Score: 0.8018
2025-10-14 01:46:51,561 - INFO - 최고 성능 모델 저장 완료 (F1 Score: 0.8018) -> 'checkpoints/tap_new/best_model.pth'
2025-10-14 01:47:56,211 - INFO - Epoch [11/20], Loss: 0.4230, Train Accuracy: 80.64%
2025-10-14 01:48:08,242 - INFO - Test Accuracy: 79.35% | Precision: 0.7955 | Recall: 0.7916 | F1 Score: 0.7922
2025-10-14 01:49:13,776 - INFO - Epoch [12/20], Loss: 0.4304, Train Accuracy: 81.23%
2025-10-14 01:49:26,880 - INFO - Test Accuracy: 80.53% | Precision: 0.8056 | Recall: 0.8043 | F1 Score: 0.8047
2025-10-14 01:49:26,901 - INFO - 최고 성능 모델 저장 완료 (F1 Score: 0.8047) -> 'checkpoints/tap_new/best_model.pth'
2025-10-14 01:50:34,194 - INFO - Epoch [13/20], Loss: 0.4300, Train Accuracy: 80.64%
2025-10-14 01:50:46,025 - INFO - Test Accuracy: 79.06% | Precision: 0.7935 | Recall: 0.7883 | F1 Score: 0.7889
2025-10-14 01:51:49,732 - INFO - Epoch [14/20], Loss: 0.4369, Train Accuracy: 79.90%
2025-10-14 01:52:01,413 - INFO - Test Accuracy: 81.42% | Precision: 0.8173 | Recall: 0.8160 | F1 Score: 0.8141
2025-10-14 01:52:01,422 - INFO - 최고 성능 모델 저장 완료 (F1 Score: 0.8141) -> 'checkpoints/tap_new/best_model.pth'
2025-10-14 01:53:05,127 - INFO - Epoch [15/20], Loss: 0.4225, Train Accuracy: 79.60%
2025-10-14 01:53:16,931 - INFO - Test Accuracy: 80.53% | Precision: 0.8063 | Recall: 0.8039 | F1 Score: 0.8044
2025-10-14 01:54:20,203 - INFO - Epoch [16/20], Loss: 0.4223, Train Accuracy: 80.78%
2025-10-14 01:54:31,766 - INFO - Test Accuracy: 74.63% | Precision: 0.7670 | Recall: 0.7514 | F1 Score: 0.7436
2025-10-14 01:55:35,898 - INFO - Epoch [17/20], Loss: 0.4211, Train Accuracy: 81.01%
2025-10-14 01:55:47,326 - INFO - Test Accuracy: 75.52% | Precision: 0.7646 | Recall: 0.7585 | F1 Score: 0.7543
2025-10-14 01:56:51,019 - INFO - Epoch [18/20], Loss: 0.4057, Train Accuracy: 81.82%
2025-10-14 01:57:02,667 - INFO - Test Accuracy: 69.62% | Precision: 0.7610 | Recall: 0.7053 | F1 Score: 0.6818
2025-10-14 01:58:05,553 - INFO - Epoch [19/20], Loss: 0.4046, Train Accuracy: 82.41%
2025-10-14 01:58:16,975 - INFO - Test Accuracy: 76.40% | Precision: 0.7751 | Recall: 0.7598 | F1 Score: 0.7594
2025-10-14 01:59:18,361 - INFO - Epoch [20/20], Loss: 0.4349, Train Accuracy: 80.04%
2025-10-14 01:59:29,950 - INFO - Test Accuracy: 77.58% | Precision: 0.7837 | Recall: 0.7723 | F1 Score: 0.7725
